生成启动时间为 2017/6/9 13:49:42。
     1>项目“F:\ImageProcessing\ImageProcessing.vcxproj”在节点 2 上(build 个目标)。
     1>InitializeBuildStatus:
         正在创建“Debug\ImageProcessing.unsuccessfulbuild”，因为已指定“AlwaysCreate”。
       ClCompile:
         所有输出均为最新。
         d:\VS2010\VC\bin\CL.exe /c /ZI /nologo /W3 /WX- /Od /Oy- /D WIN32 /D _WINDOWS /D _DEBUG /D _MBCS /D _AFXDLL /Gm /EHsc /RTC1 /MDd /GS /fp:precise /Zc:wchar_t /Zc:forScope /Yu"StdAfx.h" /Fp"Debug\ImageProcessing.pch" /Fo"Debug\\" /Fd"Debug\vc100.pdb" /Gd /TP /analyze- /errorReport:prompt ImageProcessingView.cpp
         ImageProcessingView.cpp
     1>f:\imageprocessing\imageprocessingview.cpp(75): warning C4244: “初始化”: 从“ULONGLONG”转换到“DWORD”，可能丢失数据
       ResourceCompile:
         所有输出均为最新。
       ManifestResourceCompile:
         所有输出均为最新。
       Link:
         d:\VS2010\VC\bin\link.exe /ERRORREPORT:PROMPT /OUT:"C:\Users\hzh\Desktop\ImageProcessing\Debug\ImageProcessing.exe" /INCREMENTAL /NOLOGO /MANIFEST /ManifestFile:"Debug\ImageProcessing.exe.intermediate.manifest" /MANIFESTUAC:"level='asInvoker' uiAccess='false'" /DEBUG /PDB:"C:\Users\hzh\Desktop\ImageProcessing\Debug\ImageProcessing.pdb" /SUBSYSTEM:WINDOWS /TLBID:1 /DYNAMICBASE /NXCOMPAT /IMPLIB:"C:\Users\hzh\Desktop\ImageProcessing\Debug\ImageProcessing.lib" /MACHINE:X86 Debug\ImageProcessing.res
         Debug\ImageProcessing.exe.embed.manifest.res
         Debug\ChildFrm.obj
         Debug\ClassView.obj
         Debug\FileView.obj
         Debug\ImageProcessing.obj
         Debug\ImageProcessingDoc.obj
         Debug\ImageProcessingView.obj
         Debug\MainFrm.obj
         Debug\OutputWnd.obj
         Debug\PropertiesWnd.obj
         Debug\stdafx.obj
         Debug\ViewTree.obj
       Manifest:
         C:\Program Files (x86)\Microsoft SDKs\Windows\v7.0A\bin\mt.exe /nologo /verbose /out:"Debug\ImageProcessing.exe.embed.manifest" /manifest Debug\ImageProcessing.exe.intermediate.manifest d:\VS2010\VC\Include\Manifest\dpiaware.manifest
         所有输出均为最新。
       LinkEmbedManifest:
         所有输出均为最新。
         ImageProcessing.vcxproj -> C:\Users\hzh\Desktop\ImageProcessing\Debug\ImageProcessing.exe
       FinalizeBuildStatus:
         正在删除文件“Debug\ImageProcessing.unsuccessfulbuild”。
         正在对“Debug\ImageProcessing.lastbuildstate”执行 Touch 任务。
     1>已完成生成项目“F:\ImageProcessing\ImageProcessing.vcxproj”(build 个目标)的操作。

生成成功。

已用时间 00:00:02.17
