C:\USERS\HZH\DESKTOP\IMAGEPROCESSING\X64\DEBUG\IMAGEPROCESSING.EXE
C:\USERS\HZH\DESKTOP\IMAGEPROCESSING\X64\DEBUG\IMAGEPROCESSING.ILK
C:\USERS\HZH\DESKTOP\IMAGEPROCESSING\X64\DEBUG\IMAGEPROCESSING.PDB
D:\GITHUB\IMAGEPROCESSING\X64\DEBUG\CHILDFRM.OBJ
D:\github\ImageProcessing\x64\Debug\cl.command.1.tlog
D:\github\ImageProcessing\x64\Debug\CL.read.1.tlog
D:\github\ImageProcessing\x64\Debug\CL.write.1.tlog
D:\GITHUB\IMAGEPROCESSING\X64\DEBUG\CLASSVIEW.OBJ
D:\GITHUB\IMAGEPROCESSING\X64\DEBUG\CVVIMAGE.OBJ
D:\GITHUB\IMAGEPROCESSING\X64\DEBUG\FILEVIEW.OBJ
D:\GITHUB\IMAGEPROCESSING\X64\DEBUG\GETANGLE.OBJ
D:\github\ImageProcessing\x64\Debug\GetAngleDlg.obj
D:\GITHUB\IMAGEPROCESSING\X64\DEBUG\IMAGEPROCESSING.EXE
D:\github\ImageProcessing\x64\Debug\ImageProcessing.exe.embed.manifest
D:\GITHUB\IMAGEPROCESSING\X64\DEBUG\IMAGEPROCESSING.EXE.EMBED.MANIFEST.RES
D:\GITHUB\IMAGEPROCESSING\X64\DEBUG\IMAGEPROCESSING.EXE.INTERMEDIATE.MANIFEST
D:\GITHUB\IMAGEPROCESSING\X64\DEBUG\IMAGEPROCESSING.ILK
D:\GITHUB\IMAGEPROCESSING\X64\DEBUG\IMAGEPROCESSING.OBJ
D:\GITHUB\IMAGEPROCESSING\X64\DEBUG\IMAGEPROCESSING.PCH
D:\GITHUB\IMAGEPROCESSING\X64\DEBUG\IMAGEPROCESSING.PDB
D:\GITHUB\IMAGEPROCESSING\X64\DEBUG\IMAGEPROCESSING.RES
D:\github\ImageProcessing\x64\Debug\ImageProcessing.vcxprojResolveAssemblyReference.cache
D:\github\ImageProcessing\x64\Debug\ImageProcessing.write.1.tlog
D:\github\ImageProcessing\x64\Debug\ImageProcessing_manifest.rc
D:\GITHUB\IMAGEPROCESSING\X64\DEBUG\IMAGEPROCESSINGDOC.OBJ
D:\GITHUB\IMAGEPROCESSING\X64\DEBUG\IMAGEPROCESSINGVIEW.OBJ
D:\github\ImageProcessing\x64\Debug\link.11976.read.1.tlog
D:\github\ImageProcessing\x64\Debug\link.11976.write.1.tlog
D:\github\ImageProcessing\x64\Debug\link.11976-cvtres.read.1.tlog
D:\github\ImageProcessing\x64\Debug\link.11976-cvtres.write.1.tlog
D:\github\ImageProcessing\x64\Debug\link.12776.read.1.tlog
D:\github\ImageProcessing\x64\Debug\link.12776.write.1.tlog
D:\github\ImageProcessing\x64\Debug\link.12776-cvtres.read.1.tlog
D:\github\ImageProcessing\x64\Debug\link.12776-cvtres.write.1.tlog
D:\github\ImageProcessing\x64\Debug\link.15224.read.1.tlog
D:\github\ImageProcessing\x64\Debug\link.15224.write.1.tlog
D:\github\ImageProcessing\x64\Debug\link.15224-cvtres.read.1.tlog
D:\github\ImageProcessing\x64\Debug\link.15224-cvtres.write.1.tlog
D:\github\ImageProcessing\x64\Debug\link.15264.read.1.tlog
D:\github\ImageProcessing\x64\Debug\link.15264.write.1.tlog
D:\github\ImageProcessing\x64\Debug\link.15264-cvtres.read.1.tlog
D:\github\ImageProcessing\x64\Debug\link.15264-cvtres.write.1.tlog
D:\github\ImageProcessing\x64\Debug\link.2148.read.1.tlog
D:\github\ImageProcessing\x64\Debug\link.2148.write.1.tlog
D:\github\ImageProcessing\x64\Debug\link.2148-cvtres.read.1.tlog
D:\github\ImageProcessing\x64\Debug\link.2148-cvtres.write.1.tlog
D:\github\ImageProcessing\x64\Debug\link.3308.read.1.tlog
D:\github\ImageProcessing\x64\Debug\link.3308.write.1.tlog
D:\github\ImageProcessing\x64\Debug\link.3308-cvtres.read.1.tlog
D:\github\ImageProcessing\x64\Debug\link.3308-cvtres.write.1.tlog
D:\github\ImageProcessing\x64\Debug\link.5044.read.1.tlog
D:\github\ImageProcessing\x64\Debug\link.5044.write.1.tlog
D:\github\ImageProcessing\x64\Debug\link.5044-cvtres.read.1.tlog
D:\github\ImageProcessing\x64\Debug\link.5044-cvtres.write.1.tlog
D:\github\ImageProcessing\x64\Debug\link.5324.read.1.tlog
D:\github\ImageProcessing\x64\Debug\link.5324.write.1.tlog
D:\github\ImageProcessing\x64\Debug\link.5324-cvtres.read.1.tlog
D:\github\ImageProcessing\x64\Debug\link.5324-cvtres.write.1.tlog
D:\github\ImageProcessing\x64\Debug\link.9176.read.1.tlog
D:\github\ImageProcessing\x64\Debug\link.9176.write.1.tlog
D:\github\ImageProcessing\x64\Debug\link.9176-cvtres.read.1.tlog
D:\github\ImageProcessing\x64\Debug\link.9176-cvtres.write.1.tlog
D:\github\ImageProcessing\x64\Debug\link.command.1.tlog
D:\github\ImageProcessing\x64\Debug\link.read.1.tlog
D:\github\ImageProcessing\x64\Debug\link.write.1.tlog
D:\github\ImageProcessing\x64\Debug\link-cvtres.read.1.tlog
D:\github\ImageProcessing\x64\Debug\link-cvtres.write.1.tlog
D:\GITHUB\IMAGEPROCESSING\X64\DEBUG\MAINFRM.OBJ
D:\github\ImageProcessing\x64\Debug\mt.command.1.tlog
D:\github\ImageProcessing\x64\Debug\mt.read.1.tlog
D:\github\ImageProcessing\x64\Debug\mt.write.1.tlog
D:\GITHUB\IMAGEPROCESSING\X64\DEBUG\OUTPUTWND.OBJ
D:\GITHUB\IMAGEPROCESSING\X64\DEBUG\PROPERTIESWND.OBJ
D:\github\ImageProcessing\x64\Debug\rc.command.1.tlog
D:\github\ImageProcessing\x64\Debug\rc.read.1.tlog
D:\github\ImageProcessing\x64\Debug\rc.write.1.tlog
D:\GITHUB\IMAGEPROCESSING\X64\DEBUG\STDAFX.OBJ
D:\github\ImageProcessing\x64\Debug\vc100.idb
D:\GITHUB\IMAGEPROCESSING\X64\DEBUG\VC100.PDB
D:\GITHUB\IMAGEPROCESSING\X64\DEBUG\VIEWTREE.OBJ
F:\DML\GITHUB\IMAGEPROCESSING\X64\DEBUG\CHILDFRM.OBJ
F:\DML\GITHUB\IMAGEPROCESSING\X64\DEBUG\CLASSVIEW.OBJ
F:\DML\GITHUB\IMAGEPROCESSING\X64\DEBUG\CVVIMAGE.OBJ
F:\DML\GITHUB\IMAGEPROCESSING\X64\DEBUG\FILEVIEW.OBJ
F:\DML\GITHUB\IMAGEPROCESSING\X64\DEBUG\GETANGLE.OBJ
F:\DML\GITHUB\IMAGEPROCESSING\X64\DEBUG\GETANGLEDLG.OBJ
F:\DML\GITHUB\IMAGEPROCESSING\X64\DEBUG\IMAGEPROCESSING.EXE
F:\DML\GITHUB\IMAGEPROCESSING\X64\DEBUG\IMAGEPROCESSING.EXE.EMBED.MANIFEST.RES
F:\DML\GITHUB\IMAGEPROCESSING\X64\DEBUG\IMAGEPROCESSING.EXE.INTERMEDIATE.MANIFEST
F:\DML\GITHUB\IMAGEPROCESSING\X64\DEBUG\IMAGEPROCESSING.ILK
F:\DML\GITHUB\IMAGEPROCESSING\X64\DEBUG\IMAGEPROCESSING.OBJ
F:\DML\GITHUB\IMAGEPROCESSING\X64\DEBUG\IMAGEPROCESSING.PCH
F:\DML\GITHUB\IMAGEPROCESSING\X64\DEBUG\IMAGEPROCESSING.PDB
F:\DML\GITHUB\IMAGEPROCESSING\X64\DEBUG\IMAGEPROCESSING.RES
F:\DML\GITHUB\IMAGEPROCESSING\X64\DEBUG\IMAGEPROCESSINGDOC.OBJ
F:\DML\GITHUB\IMAGEPROCESSING\X64\DEBUG\IMAGEPROCESSINGVIEW.OBJ
F:\DML\GITHUB\IMAGEPROCESSING\X64\DEBUG\MAINFRM.OBJ
F:\DML\GITHUB\IMAGEPROCESSING\X64\DEBUG\OUTPUTWND.OBJ
F:\DML\GITHUB\IMAGEPROCESSING\X64\DEBUG\PROPERTIESWND.OBJ
F:\DML\GITHUB\IMAGEPROCESSING\X64\DEBUG\STDAFX.OBJ
F:\DML\GITHUB\IMAGEPROCESSING\X64\DEBUG\VC100.PDB
F:\DML\GITHUB\IMAGEPROCESSING\X64\DEBUG\VIEWTREE.OBJ
F:\IMAGEPROCESSING\X64\DEBUG\CHILDFRM.OBJ
F:\IMAGEPROCESSING\X64\DEBUG\CLASSVIEW.OBJ
F:\IMAGEPROCESSING\X64\DEBUG\CVVIMAGE.OBJ
F:\IMAGEPROCESSING\X64\DEBUG\FILEVIEW.OBJ
F:\IMAGEPROCESSING\X64\DEBUG\IMAGEPROCESSING.EXE.EMBED.MANIFEST
F:\IMAGEPROCESSING\X64\DEBUG\IMAGEPROCESSING.EXE.EMBED.MANIFEST.RES
F:\IMAGEPROCESSING\X64\DEBUG\IMAGEPROCESSING.EXE.INTERMEDIATE.MANIFEST
F:\IMAGEPROCESSING\X64\DEBUG\IMAGEPROCESSING.OBJ
F:\IMAGEPROCESSING\X64\DEBUG\IMAGEPROCESSING.PCH
F:\IMAGEPROCESSING\X64\DEBUG\IMAGEPROCESSING.RES
F:\IMAGEPROCESSING\X64\DEBUG\IMAGEPROCESSINGDOC.OBJ
F:\IMAGEPROCESSING\X64\DEBUG\IMAGEPROCESSINGVIEW.OBJ
F:\IMAGEPROCESSING\X64\DEBUG\MAINFRM.OBJ
F:\IMAGEPROCESSING\X64\DEBUG\OUTPUTWND.OBJ
F:\IMAGEPROCESSING\X64\DEBUG\PROPERTIESWND.OBJ
F:\IMAGEPROCESSING\X64\DEBUG\STDAFX.OBJ
F:\IMAGEPROCESSING\X64\DEBUG\VC100.PDB
F:\IMAGEPROCESSING\X64\DEBUG\VIEWTREE.OBJ
