生成启动时间为 2017/6/9 17:19:59。
     1>项目“F:\DML\github\ImageProcessing\ImageProcessing.vcxproj”在节点 2 上(build 个目标)。
     1>InitializeBuildStatus:
         正在创建“x64\Debug\ImageProcessing.unsuccessfulbuild”，因为已指定“AlwaysCreate”。
       ClCompile:
         所有输出均为最新。
         所有输出均为最新。
       ResourceCompile:
         所有输出均为最新。
       ManifestResourceCompile:
         所有输出均为最新。
       Link:
         所有输出均为最新。
         ImageProcessing.vcxproj -> F:\DML\github\ImageProcessing\x64\Debug\ImageProcessing.exe
       Manifest:
         C:\Program Files (x86)\Microsoft SDKs\Windows\v7.0A\bin\mt.exe /nologo /verbose /out:"x64\Debug\ImageProcessing.exe.embed.manifest" /manifest x64\Debug\ImageProcessing.exe.intermediate.manifest d:\VS2010\VC\Include\Manifest\dpiaware.manifest
         所有输出均为最新。
       FinalizeBuildStatus:
         正在删除文件“x64\Debug\ImageProcessing.unsuccessfulbuild”。
         正在对“x64\Debug\ImageProcessing.lastbuildstate”执行 Touch 任务。
     1>已完成生成项目“F:\DML\github\ImageProcessing\ImageProcessing.vcxproj”(build 个目标)的操作。

生成成功。

已用时间 00:00:00.80
